<?xml version="1.0" encoding="UTF-8"?>
<!-- Generated by org.testng.reporters.JUnitReportReporter -->
<testsuite hostname="SDLAP0721-1070" failures="0" tests="1" name="testCases.TC001_RegisteringAccount" time="7.841" errors="0" timestamp="2022-04-01T17:03:19 IST" skipped="0">
  <testcase classname="testCases.TC001_RegisteringAccount" name="testcaseRegisteringAccount" time="7.841"/>
  <system-out/>
</testsuite> <!-- testCases.TC001_RegisteringAccount -->
