<?xml version="1.0" encoding="UTF-8"?>
<!-- Generated by org.testng.reporters.JUnitReportReporter -->
<testsuite hostname="SDLAP0721-1070" failures="0" tests="1" name="testCases.TC001_RegisteringAccount" time="8.860" errors="0" timestamp="2022-04-04T19:01:36 IST" skipped="0">
  <testcase classname="testCases.TC001_RegisteringAccount" name="testcaseRegisteringAccount" time="8.860"/>
  <system-out/>
</testsuite> <!-- testCases.TC001_RegisteringAccount -->
